This is pdfTeX, Version 3.141592653-2.6-1.40.25 (MiKTeX 23.4) (preloaded format=pdflatex 2023.6.17)  19 JUN 2023 00:57
entering extended mode
 restricted \write18 enabled.
 %&-line parsing enabled.
**./Hector9000-Dokumentation.tex
(Hector9000-Dokumentation.tex
LaTeX2e <2022-11-01> patch level 1
L3 programming layer <2023-03-30>
(C:\Users\Berkan\AppData\Local\Programs\MiKTeX\tex/latex/base\article.cls
Document Class: article 2022/07/02 v1.4n Standard LaTeX document class
(C:\Users\Berkan\AppData\Local\Programs\MiKTeX\tex/latex/base\size12.clo
File: size12.clo 2022/07/02 v1.4n Standard LaTeX file (size option)
)
\c@part=\count185
\c@section=\count186
\c@subsection=\count187
\c@subsubsection=\count188
\c@paragraph=\count189
\c@subparagraph=\count190
\c@figure=\count191
\c@table=\count192
\abovecaptionskip=\skip48
\belowcaptionskip=\skip49
\bibindent=\dimen140
)
(C:\Users\Berkan\AppData\Local\Programs\MiKTeX\tex/latex/graphics\graphicx.sty
Package: graphicx 2021/09/16 v1.2d Enhanced LaTeX Graphics (DPC,SPQR)

(C:\Users\Berkan\AppData\Local\Programs\MiKTeX\tex/latex/graphics\keyval.sty
Package: keyval 2022/05/29 v1.15 key=value parser (DPC)
\KV@toks@=\toks16
)
(C:\Users\Berkan\AppData\Local\Programs\MiKTeX\tex/latex/graphics\graphics.sty
Package: graphics 2022/03/10 v1.4e Standard LaTeX Graphics (DPC,SPQR)

(C:\Users\Berkan\AppData\Local\Programs\MiKTeX\tex/latex/graphics\trig.sty
Package: trig 2021/08/11 v1.11 sin cos tan (DPC)
)
(C:\Users\Berkan\AppData\Local\Programs\MiKTeX\tex/latex/graphics-cfg\graphics.
cfg
File: graphics.cfg 2016/06/04 v1.11 sample graphics configuration
)
Package graphics Info: Driver file: pdftex.def on input line 107.

(C:\Users\Berkan\AppData\Local\Programs\MiKTeX\tex/latex/graphics-def\pdftex.de
f
File: pdftex.def 2022/09/22 v1.2b Graphics/color driver for pdftex
))
\Gin@req@height=\dimen141
\Gin@req@width=\dimen142
)
(C:\Users\Berkan\AppData\Local\Programs\MiKTeX\tex/latex/listings\listings.sty
\lst@mode=\count193
\lst@gtempboxa=\box51
\lst@token=\toks17
\lst@length=\count194
\lst@currlwidth=\dimen143
\lst@column=\count195
\lst@pos=\count196
\lst@lostspace=\dimen144
\lst@width=\dimen145
\lst@newlines=\count197
\lst@lineno=\count198
\lst@maxwidth=\dimen146

(C:\Users\Berkan\AppData\Local\Programs\MiKTeX\tex/latex/listings\lstmisc.sty
File: lstmisc.sty 2023/02/27 1.9 (Carsten Heinz)
\c@lstnumber=\count199
\lst@skipnumbers=\count266
\lst@framebox=\box52
)
(C:\Users\Berkan\AppData\Local\Programs\MiKTeX\tex/latex/listings\listings.cfg
File: listings.cfg 2023/02/27 1.9 listings configuration
))
Package: listings 2023/02/27 1.9 (Carsten Heinz)
 (C:\Users\Berkan\AppData\Local\Programs\MiKTeX\tex/latex/xcolor\xcolor.sty
Package: xcolor 2022/06/12 v2.14 LaTeX color extensions (UK)

(C:\Users\Berkan\AppData\Local\Programs\MiKTeX\tex/latex/graphics-cfg\color.cfg
File: color.cfg 2016/01/02 v1.6 sample color configuration
)
Package xcolor Info: Driver file: pdftex.def on input line 227.

(C:\Users\Berkan\AppData\Local\Programs\MiKTeX\tex/latex/graphics\mathcolor.ltx
)
Package xcolor Info: Model `cmy' substituted by `cmy0' on input line 1353.
Package xcolor Info: Model `hsb' substituted by `rgb' on input line 1357.
Package xcolor Info: Model `RGB' extended on input line 1369.
Package xcolor Info: Model `HTML' substituted by `rgb' on input line 1371.
Package xcolor Info: Model `Hsb' substituted by `hsb' on input line 1372.
Package xcolor Info: Model `tHsb' substituted by `hsb' on input line 1373.
Package xcolor Info: Model `HSB' substituted by `hsb' on input line 1374.
Package xcolor Info: Model `Gray' substituted by `gray' on input line 1375.
Package xcolor Info: Model `wave' substituted by `hsb' on input line 1376.
)
(C:\Users\Berkan\AppData\Local\Programs\MiKTeX\tex/latex/l3backend\l3backend-pd
ftex.def
File: l3backend-pdftex.def 2023-03-30 L3 backend support: PDF output (pdfTeX)
\l__color_backend_stack_int=\count267
\l__pdf_internal_box=\box53
) (Hector9000-Dokumentation.aux)
\openout1 = `Hector9000-Dokumentation.aux'.

LaTeX Font Info:    Checking defaults for OML/cmm/m/it on input line 40.
LaTeX Font Info:    ... okay on input line 40.
LaTeX Font Info:    Checking defaults for OMS/cmsy/m/n on input line 40.
LaTeX Font Info:    ... okay on input line 40.
LaTeX Font Info:    Checking defaults for OT1/cmr/m/n on input line 40.
LaTeX Font Info:    ... okay on input line 40.
LaTeX Font Info:    Checking defaults for T1/cmr/m/n on input line 40.
LaTeX Font Info:    ... okay on input line 40.
LaTeX Font Info:    Checking defaults for TS1/cmr/m/n on input line 40.
LaTeX Font Info:    ... okay on input line 40.
LaTeX Font Info:    Checking defaults for OMX/cmex/m/n on input line 40.
LaTeX Font Info:    ... okay on input line 40.
LaTeX Font Info:    Checking defaults for U/cmr/m/n on input line 40.
LaTeX Font Info:    ... okay on input line 40.

(C:\Users\Berkan\AppData\Local\Programs\MiKTeX\tex/context/base/mkii\supp-pdf.m
kii
[Loading MPS to PDF converter (version 2006.09.02).]
\scratchcounter=\count268
\scratchdimen=\dimen147
\scratchbox=\box54
\nofMPsegments=\count269
\nofMParguments=\count270
\everyMPshowfont=\toks18
\MPscratchCnt=\count271
\MPscratchDim=\dimen148
\MPnumerator=\count272
\makeMPintoPDFobject=\count273
\everyMPtoPDFconversion=\toks19
)
(C:\Users\Berkan\AppData\Local\Programs\MiKTeX\tex/latex/epstopdf-pkg\epstopdf-
base.sty
Package: epstopdf-base 2020-01-24 v2.11 Base part for package epstopdf
Package epstopdf-base Info: Redefining graphics rule for `.eps' on input line 4
85.

(C:\Users\Berkan\AppData\Local\Programs\MiKTeX\tex/latex/00miktex\epstopdf-sys.
cfg
File: epstopdf-sys.cfg 2021/03/18 v2.0 Configuration of epstopdf for MiKTeX
))
\c@lstlisting=\count274
LaTeX Font Info:    External font `cmex10' loaded for size
(Font)              <14.4> on input line 41.
LaTeX Font Info:    External font `cmex10' loaded for size
(Font)              <7> on input line 41.
<images//hector9000.jpg, id=1, 2055.68pt x 1379.1525pt>
File: images//hector9000.jpg Graphic file (type jpg)
<use images//hector9000.jpg>
Package pdftex.def Info: images//hector9000.jpg  used on input line 45.
(pdftex.def)             Requested size: 272.99881pt x 183.14719pt.
 [1

{C:/Users/Berkan/AppData/Local/MiKTeX/fonts/map/pdftex/pdftex.map} <./images//h
ector9000.jpg>] (Hector9000-Dokumentation.toc
LaTeX Font Info:    External font `cmex10' loaded for size
(Font)              <12> on input line 3.
LaTeX Font Info:    External font `cmex10' loaded for size
(Font)              <8> on input line 3.
LaTeX Font Info:    External font `cmex10' loaded for size
(Font)              <6> on input line 3.
)
\tf@toc=\write3
\openout3 = `Hector9000-Dokumentation.toc'.

 [2] [3]
Overfull \hbox (85.49707pt too wide) in paragraph at lines 72--90
[]  
 []


Overfull \hbox (83.53596pt too wide) in paragraph at lines 92--116
[]  
 []


Overfull \hbox (64.56392pt too wide) in paragraph at lines 118--130
[]  
 []

[4]
Overfull \hbox (17.99995pt too wide) in paragraph at lines 132--144
[]  
 []


Overfull \hbox (107.4554pt too wide) in paragraph at lines 146--156
[]  
 []


Overfull \hbox (0.7493pt too wide) in paragraph at lines 168--182
[]  
 []

[5]
Overfull \hbox (44.13245pt too wide) in paragraph at lines 184--197
[]  
 []

<images//hector9000-vorne.jpeg, id=21, 481.8pt x 642.4pt>
File: images//hector9000-vorne.jpeg Graphic file (type jpg)
<use images//hector9000-vorne.jpeg>
Package pdftex.def Info: images//hector9000-vorne.jpeg  used on input line 204.

(pdftex.def)             Requested size: 240.8994pt x 321.19922pt.
<images//hector9000-hinten.jpeg, id=22, 642.4pt x 481.8pt>
File: images//hector9000-hinten.jpeg Graphic file (type jpg)
<use images//hector9000-hinten.jpeg>
Package pdftex.def Info: images//hector9000-hinten.jpeg  used on input line 210
.
(pdftex.def)             Requested size: 321.19922pt x 240.8994pt.

LaTeX Warning: Float too large for page by 120.77362pt on input line 212.

[6] [7 <./images//hector9000-vorne.jpeg> <./images//hector9000-hinten.jpeg>]
<images//hx711.jpg, id=30, 897.3525pt x 618.31pt>
File: images//hx711.jpg Graphic file (type jpg)
<use images//hx711.jpg>
Package pdftex.def Info: images//hx711.jpg  used on input line 221.
(pdftex.def)             Requested size: 179.46732pt x 123.6598pt.

[8 <./images//hx711.jpg>]
<images//pololu.jpg, id=35, 602.25pt x 477.785pt>
File: images//pololu.jpg Graphic file (type jpg)
<use images//pololu.jpg>
Package pdftex.def Info: images//pololu.jpg  used on input line 236.
(pdftex.def)             Requested size: 180.67639pt x 143.3366pt.
<images//pca9685.jpg, id=36, 301.125pt x 301.125pt>
File: images//pca9685.jpg Graphic file (type jpg)
<use images//pca9685.jpg>
Package pdftex.def Info: images//pca9685.jpg  used on input line 260.
(pdftex.def)             Requested size: 150.56212pt x 150.56212pt.
 [9 <./images//pololu.jpg>] [10 <./images//pca9685.jpg>]
<images//relais.jpg, id=43, 1003.75pt x 828.09375pt>
File: images//relais.jpg Graphic file (type jpg)
<use images//relais.jpg>
Package pdftex.def Info: images//relais.jpg  used on input line 277.
(pdftex.def)             Requested size: 200.74644pt x 165.61581pt.
<images//lichtschranke.jpg, id=44, 1846.9pt x 1233.60875pt>
File: images//lichtschranke.jpg Graphic file (type jpg)
<use images//lichtschranke.jpg>
Package pdftex.def Info: images//lichtschranke.jpg  used on input line 289.
(pdftex.def)             Requested size: 184.70082pt x 123.3681pt.
 [11 <./images//relais.jpg> <./images//lichtschranke.jpg>] [12]
(C:\Users\Berkan\AppData\Local\Programs\MiKTeX\tex/latex/listings\lstlang1.sty
File: lstlang1.sty 2023/02/27 1.9 listings language file
) (C:\Users\Berkan\AppData\Local\Programs\MiKTeX\tex/latex/listings\lstlang1.st
y
File: lstlang1.sty 2023/02/27 1.9 listings language file
) [13] (Hector9000-Dokumentation.aux) ) 
Here is how much of TeX's memory you used:
 3663 strings out of 476331
 54490 string characters out of 5787293
 1872660 words of memory out of 5000000
 24098 multiletter control sequences out of 15000+600000
 518129 words of font info for 52 fonts, out of 8000000 for 9000
 1141 hyphenation exceptions out of 8191
 57i,7n,62p,447b,1230s stack positions out of 10000i,1000n,20000p,200000b,200000s
 <C:\Users\Berkan\AppData\Local\MiKTeX\f
onts/pk/ljfour/jknappen/ec/dpi600\tcrm1200.pk><C:/Users/Berkan/AppData/Local/Pr
ograms/MiKTeX/fonts/type1/public/amsfonts/cm/cmbx12.pfb><C:/Users/Berkan/AppDat
a/Local/Programs/MiKTeX/fonts/type1/public/amsfonts/cm/cmr12.pfb><C:/Users/Berk
an/AppData/Local/Programs/MiKTeX/fonts/type1/public/amsfonts/cm/cmr17.pfb><C:/U
sers/Berkan/AppData/Local/Programs/MiKTeX/fonts/type1/public/amsfonts/cm/cmr6.p
fb>
Output written on Hector9000-Dokumentation.pdf (13 pages, 2320110 bytes).
PDF statistics:
 78 PDF objects out of 1000 (max. 8388607)
 0 named destinations out of 1000 (max. 500000)
 41 words of extra memory for PDF output out of 10000 (max. 10000000)

